current directory: /Users/qppn/Desktop/rails/article/''/gems/rbs-3.6.1/ext/rbs_extension
/Users/qppn/.rbenv/versions/3.3.1/bin/ruby extconf.rb
checking for whether -std=gnu99 is accepted as CFLAGS... yes
creating Makefile

current directory: /Users/qppn/Desktop/rails/article/''/gems/rbs-3.6.1/ext/rbs_extension
make DESTDIR\= sitearchdir\=./.gem.20241006-25703-w8aj5e sitelibdir\=./.gem.20241006-25703-w8aj5e clean

current directory: /Users/qppn/Desktop/rails/article/''/gems/rbs-3.6.1/ext/rbs_extension
make DESTDIR\= sitearchdir\=./.gem.20241006-25703-w8aj5e sitelibdir\=./.gem.20241006-25703-w8aj5e
compiling constants.c
compiling lexer.c
compiling lexstate.c
compiling location.c
compiling main.c
compiling parser.c
compiling parserstate.c
compiling ruby_objs.c
compiling unescape.c
linking shared-object rbs_extension.bundle

current directory: /Users/qppn/Desktop/rails/article/''/gems/rbs-3.6.1/ext/rbs_extension
make DESTDIR\= sitearchdir\=./.gem.20241006-25703-w8aj5e sitelibdir\=./.gem.20241006-25703-w8aj5e install
/opt/homebrew/bin/ginstall -c -m 0755 rbs_extension.bundle ./.gem.20241006-25703-w8aj5e

current directory: /Users/qppn/Desktop/rails/article/''/gems/rbs-3.6.1/ext/rbs_extension
make DESTDIR\= sitearchdir\=./.gem.20241006-25703-w8aj5e sitelibdir\=./.gem.20241006-25703-w8aj5e clean
